<?xml version="1.0" encoding="UTF-8"?>
<!-- Generated by org.testng.reporters.JUnitReportReporter -->
<testsuite hostname="LAPTOP-CPTC2M6Q" failures="0" tests="2" name="testcases.LoginTestCase" time="0.246" errors="0" timestamp="2022-12-23T07:06:02 IST" skipped="0">
  <testcase classname="testcases.LoginTestCase" name="validateLogo" time="0.225"/>
  <system-out/>
  <testcase classname="testcases.LoginTestCase" name="validateTitle" time="0.021"/>
  <system-out/>
</testsuite> <!-- testcases.LoginTestCase -->
