<?xml version="1.0" encoding="UTF-8"?>
<!-- Generated by org.testng.reporters.JUnitReportReporter -->
<testsuite hostname="LAPTOP-CPTC2M6Q" failures="0" tests="1" name="testcases.TestOne" time="1.669" errors="0" timestamp="2022-12-17T06:52:25 IST" skipped="0">
  <testcase classname="testcases.TestOne" name="Login" time="1.669"/>
  <system-out/>
</testsuite> <!-- testcases.TestOne -->
